<?xml version="1.0" encoding="UTF-8"?>
<coverage generated="1763822049292" clover="3.2.0">
  <project timestamp="1763822049292" name="All files">
    <metrics statements="60" coveredstatements="57" conditionals="43" coveredconditionals="39" methods="10" coveredmethods="10" elements="113" coveredelements="106" complexity="0" loc="60" ncloc="60" packages="1" files="2" classes="2"/>
    <file name="index.js" path="/home/e_mikailov/frontend-project-46/src/index.js">
      <metrics statements="50" coveredstatements="48" conditionals="39" coveredconditionals="36" methods="8" coveredmethods="8"/>
      <line num="4" count="3" type="stmt"/>
      <line num="5" count="37" type="stmt"/>
      <line num="6" count="37" type="stmt"/>
      <line num="7" count="37" type="stmt"/>
      <line num="9" count="37" type="stmt"/>
      <line num="10" count="97" type="stmt"/>
      <line num="11" count="97" type="stmt"/>
      <line num="13" count="97" type="cond" truecount="2" falsecount="0"/>
      <line num="14" count="18" type="stmt"/>
      <line num="22" count="79" type="cond" truecount="2" falsecount="0"/>
      <line num="23" count="12" type="stmt"/>
      <line num="31" count="67" type="cond" truecount="6" falsecount="0"/>
      <line num="32" count="21" type="stmt"/>
      <line num="39" count="46" type="cond" truecount="2" falsecount="0"/>
      <line num="40" count="31" type="stmt"/>
      <line num="47" count="15" type="stmt"/>
      <line num="56" count="3" type="cond" truecount="1" falsecount="0"/>
      <line num="57" count="19" type="stmt"/>
      <line num="58" count="19" type="stmt"/>
      <line num="59" count="19" type="stmt"/>
      <line num="61" count="19" type="stmt"/>
      <line num="62" count="73" type="cond" truecount="5" falsecount="1"/>
      <line num="64" count="18" type="stmt"/>
      <line num="66" count="12" type="stmt"/>
      <line num="68" count="16" type="stmt"/>
      <line num="70" count="15" type="stmt"/>
      <line num="75" count="12" type="stmt"/>
      <line num="77" count="0" type="stmt"/>
      <line num="81" count="19" type="stmt"/>
      <line num="84" count="3" type="stmt"/>
      <line num="85" count="103" type="cond" truecount="4" falsecount="0"/>
      <line num="86" count="21" type="stmt"/>
      <line num="87" count="21" type="stmt"/>
      <line num="88" count="21" type="stmt"/>
      <line num="90" count="21" type="stmt"/>
      <line num="91" count="27" type="stmt"/>
      <line num="94" count="21" type="stmt"/>
      <line num="97" count="82" type="cond" truecount="2" falsecount="0"/>
      <line num="98" count="3" type="stmt"/>
      <line num="101" count="79" type="cond" truecount="2" falsecount="0"/>
      <line num="102" count="3" type="stmt"/>
      <line num="105" count="76" type="stmt"/>
      <line num="108" count="3" type="cond" truecount="0" falsecount="1"/>
      <line num="109" count="7" type="cond" truecount="1" falsecount="1"/>
      <line num="111" count="7" type="stmt"/>
      <line num="113" count="0" type="stmt"/>
      <line num="118" count="7" type="stmt"/>
      <line num="119" count="7" type="stmt"/>
      <line num="120" count="7" type="stmt"/>
      <line num="121" count="7" type="stmt"/>
    </file>
    <file name="parsers.js" path="/home/e_mikailov/frontend-project-46/src/parsers.js">
      <metrics statements="10" coveredstatements="9" conditionals="4" coveredconditionals="3" methods="2" coveredmethods="2"/>
      <line num="5" count="3" type="stmt"/>
      <line num="6" count="14" type="stmt"/>
      <line num="7" count="14" type="stmt"/>
      <line num="10" count="3" type="stmt"/>
      <line num="11" count="14" type="stmt"/>
      <line num="12" count="14" type="stmt"/>
      <line num="14" count="14" type="cond" truecount="3" falsecount="1"/>
      <line num="16" count="8" type="stmt"/>
      <line num="19" count="6" type="stmt"/>
      <line num="21" count="0" type="stmt"/>
    </file>
  </project>
</coverage>
