<?xml version="1.0" encoding="UTF-8"?>
<coverage generated="1763823818910" clover="3.2.0">
  <project timestamp="1763823818911" name="All files">
    <metrics statements="83" coveredstatements="79" conditionals="57" coveredconditionals="53" methods="16" coveredmethods="16" elements="156" coveredelements="148" complexity="0" loc="83" ncloc="83" packages="2" files="6" classes="6"/>
    <package name="src">
      <metrics statements="31" coveredstatements="30" conditionals="25" coveredconditionals="24" methods="5" coveredmethods="5"/>
      <file name="index.js" path="/home/e_mikailov/frontend-project-46/src/index.js">
        <metrics statements="21" coveredstatements="21" conditionals="21" coveredconditionals="21" methods="3" coveredmethods="3"/>
        <line num="5" count="5" type="stmt"/>
        <line num="6" count="83" type="stmt"/>
        <line num="7" count="83" type="stmt"/>
        <line num="8" count="83" type="stmt"/>
        <line num="10" count="83" type="stmt"/>
        <line num="11" count="211" type="stmt"/>
        <line num="12" count="211" type="stmt"/>
        <line num="14" count="211" type="cond" truecount="2" falsecount="0"/>
        <line num="15" count="40" type="stmt"/>
        <line num="23" count="171" type="cond" truecount="2" falsecount="0"/>
        <line num="24" count="24" type="stmt"/>
        <line num="32" count="147" type="cond" truecount="6" falsecount="0"/>
        <line num="33" count="49" type="stmt"/>
        <line num="40" count="98" type="cond" truecount="2" falsecount="0"/>
        <line num="41" count="65" type="stmt"/>
        <line num="48" count="33" type="stmt"/>
        <line num="58" count="13" type="stmt"/>
        <line num="59" count="13" type="stmt"/>
        <line num="60" count="13" type="stmt"/>
        <line num="61" count="13" type="stmt"/>
        <line num="62" count="13" type="stmt"/>
      </file>
      <file name="parsers.js" path="/home/e_mikailov/frontend-project-46/src/parsers.js">
        <metrics statements="10" coveredstatements="9" conditionals="4" coveredconditionals="3" methods="2" coveredmethods="2"/>
        <line num="5" count="5" type="stmt"/>
        <line num="6" count="26" type="stmt"/>
        <line num="7" count="26" type="stmt"/>
        <line num="10" count="5" type="stmt"/>
        <line num="11" count="26" type="stmt"/>
        <line num="12" count="26" type="stmt"/>
        <line num="14" count="26" type="cond" truecount="3" falsecount="1"/>
        <line num="16" count="16" type="stmt"/>
        <line num="19" count="10" type="stmt"/>
        <line num="21" count="0" type="stmt"/>
      </file>
    </package>
    <package name="src.formatters">
      <metrics statements="52" coveredstatements="49" conditionals="32" coveredconditionals="29" methods="11" coveredmethods="11"/>
      <file name="index.js" path="/home/e_mikailov/frontend-project-46/src/formatters/index.js">
        <metrics statements="5" coveredstatements="4" conditionals="2" coveredconditionals="1" methods="1" coveredmethods="1"/>
        <line num="5" count="5" type="stmt"/>
        <line num="12" count="13" type="stmt"/>
        <line num="13" count="13" type="cond" truecount="1" falsecount="1"/>
        <line num="14" count="0" type="stmt"/>
        <line num="16" count="13" type="stmt"/>
      </file>
      <file name="json.js" path="/home/e_mikailov/frontend-project-46/src/formatters/json.js">
        <metrics statements="1" coveredstatements="1" conditionals="0" coveredconditionals="0" methods="1" coveredmethods="1"/>
        <line num="1" count="5" type="stmt"/>
      </file>
      <file name="plain.js" path="/home/e_mikailov/frontend-project-46/src/formatters/plain.js">
        <metrics statements="20" coveredstatements="19" conditionals="15" coveredconditionals="14" methods="5" coveredmethods="5"/>
        <line num="3" count="5" type="stmt"/>
        <line num="4" count="29" type="cond" truecount="4" falsecount="0"/>
        <line num="5" count="6" type="stmt"/>
        <line num="8" count="23" type="cond" truecount="2" falsecount="0"/>
        <line num="9" count="14" type="stmt"/>
        <line num="12" count="9" type="stmt"/>
        <line num="15" count="5" type="cond" truecount="1" falsecount="0"/>
        <line num="16" count="11" type="stmt"/>
        <line num="17" count="41" type="cond" truecount="2" falsecount="0"/>
        <line num="19" count="41" type="cond" truecount="5" falsecount="1"/>
        <line num="21" count="11" type="stmt"/>
        <line num="23" count="6" type="stmt"/>
        <line num="25" count="9" type="stmt"/>
        <line num="27" count="8" type="stmt"/>
        <line num="29" count="7" type="stmt"/>
        <line num="31" count="0" type="stmt"/>
        <line num="35" count="50" type="stmt"/>
        <line num="38" count="5" type="stmt"/>
        <line num="39" count="3" type="stmt"/>
        <line num="40" count="3" type="stmt"/>
      </file>
      <file name="stylish.js" path="/home/e_mikailov/frontend-project-46/src/formatters/stylish.js">
        <metrics statements="26" coveredstatements="25" conditionals="15" coveredconditionals="14" methods="4" coveredmethods="4"/>
        <line num="3" count="5" type="stmt"/>
        <line num="4" count="103" type="cond" truecount="4" falsecount="0"/>
        <line num="5" count="21" type="stmt"/>
        <line num="6" count="21" type="stmt"/>
        <line num="7" count="21" type="stmt"/>
        <line num="9" count="21" type="stmt"/>
        <line num="10" count="27" type="stmt"/>
        <line num="13" count="21" type="stmt"/>
        <line num="16" count="82" type="cond" truecount="2" falsecount="0"/>
        <line num="17" count="3" type="stmt"/>
        <line num="20" count="79" type="cond" truecount="2" falsecount="0"/>
        <line num="21" count="3" type="stmt"/>
        <line num="24" count="76" type="stmt"/>
        <line num="27" count="5" type="cond" truecount="1" falsecount="0"/>
        <line num="28" count="19" type="stmt"/>
        <line num="29" count="19" type="stmt"/>
        <line num="30" count="19" type="stmt"/>
        <line num="32" count="19" type="stmt"/>
        <line num="33" count="73" type="cond" truecount="5" falsecount="1"/>
        <line num="35" count="18" type="stmt"/>
        <line num="37" count="12" type="stmt"/>
        <line num="39" count="16" type="stmt"/>
        <line num="41" count="15" type="stmt"/>
        <line num="46" count="12" type="stmt"/>
        <line num="48" count="0" type="stmt"/>
        <line num="52" count="19" type="stmt"/>
      </file>
    </package>
  </project>
</coverage>
