{"/home/e_mikailov/frontend-project-46/src/index.js": {"path":"/home/e_mikailov/frontend-project-46/src/index.js","statementMap":{"0":{"start":{"line":4,"column":18},"end":{"line":32,"column":1}},"1":{"start":{"line":5,"column":16},"end":{"line":5,"column":34}},"2":{"start":{"line":6,"column":16},"end":{"line":6,"column":34}},"3":{"start":{"line":7,"column":18},"end":{"line":7,"column":49}},"4":{"start":{"line":9,"column":2},"end":{"line":31,"column":5}},"5":{"start":{"line":10,"column":19},"end":{"line":10,"column":29}},"6":{"start":{"line":11,"column":19},"end":{"line":11,"column":29}},"7":{"start":{"line":13,"column":4},"end":{"line":15,"column":5}},"8":{"start":{"line":14,"column":6},"end":{"line":14,"column":53}},"9":{"start":{"line":17,"column":4},"end":{"line":19,"column":5}},"10":{"start":{"line":18,"column":6},"end":{"line":18,"column":55}},"11":{"start":{"line":21,"column":4},"end":{"line":23,"column":5}},"12":{"start":{"line":22,"column":6},"end":{"line":22,"column":57}},"13":{"start":{"line":25,"column":4},"end":{"line":30,"column":6}},"14":{"start":{"line":34,"column":19},"end":{"line":54,"column":1}},"15":{"start":{"line":35,"column":16},"end":{"line":51,"column":4}},"16":{"start":{"line":36,"column":4},"end":{"line":50,"column":5}},"17":{"start":{"line":38,"column":6},"end":{"line":38,"column":46}},"18":{"start":{"line":40,"column":6},"end":{"line":40,"column":46}},"19":{"start":{"line":42,"column":6},"end":{"line":42,"column":46}},"20":{"start":{"line":44,"column":6},"end":{"line":47,"column":19}},"21":{"start":{"line":49,"column":6},"end":{"line":49,"column":16}},"22":{"start":{"line":53,"column":2},"end":{"line":53,"column":37}},"23":{"start":{"line":57,"column":16},"end":{"line":57,"column":36}},"24":{"start":{"line":58,"column":16},"end":{"line":58,"column":36}},"25":{"start":{"line":59,"column":15},"end":{"line":59,"column":38}},"26":{"start":{"line":60,"column":2},"end":{"line":60,"column":26}}},"fnMap":{"0":{"name":"(anonymous_0)","decl":{"start":{"line":4,"column":18},"end":{"line":4,"column":19}},"loc":{"start":{"line":4,"column":36},"end":{"line":32,"column":1}},"line":4},"1":{"name":"(anonymous_1)","decl":{"start":{"line":9,"column":21},"end":{"line":9,"column":22}},"loc":{"start":{"line":9,"column":30},"end":{"line":31,"column":3}},"line":9},"2":{"name":"(anonymous_2)","decl":{"start":{"line":34,"column":19},"end":{"line":34,"column":20}},"loc":{"start":{"line":34,"column":29},"end":{"line":54,"column":1}},"line":34},"3":{"name":"(anonymous_3)","decl":{"start":{"line":35,"column":25},"end":{"line":35,"column":26}},"loc":{"start":{"line":35,"column":35},"end":{"line":51,"column":3}},"line":35},"4":{"name":"genDiff","decl":{"start":{"line":56,"column":24},"end":{"line":56,"column":31}},"loc":{"start":{"line":56,"column":54},"end":{"line":61,"column":1}},"line":56}},"branchMap":{"0":{"loc":{"start":{"line":13,"column":4},"end":{"line":15,"column":5}},"type":"if","locations":[{"start":{"line":13,"column":4},"end":{"line":15,"column":5}},{"start":{},"end":{}}],"line":13},"1":{"loc":{"start":{"line":17,"column":4},"end":{"line":19,"column":5}},"type":"if","locations":[{"start":{"line":17,"column":4},"end":{"line":19,"column":5}},{"start":{},"end":{}}],"line":17},"2":{"loc":{"start":{"line":21,"column":4},"end":{"line":23,"column":5}},"type":"if","locations":[{"start":{"line":21,"column":4},"end":{"line":23,"column":5}},{"start":{},"end":{}}],"line":21},"3":{"loc":{"start":{"line":36,"column":4},"end":{"line":50,"column":5}},"type":"switch","locations":[{"start":{"line":37,"column":4},"end":{"line":38,"column":46}},{"start":{"line":39,"column":4},"end":{"line":40,"column":46}},{"start":{"line":41,"column":4},"end":{"line":42,"column":46}},{"start":{"line":43,"column":4},"end":{"line":47,"column":19}},{"start":{"line":48,"column":4},"end":{"line":49,"column":16}}],"line":36}},"s":{"0":1,"1":2,"2":2,"3":2,"4":2,"5":9,"6":9,"7":9,"8":1,"9":8,"10":2,"11":6,"12":5,"13":1,"14":1,"15":2,"16":9,"17":1,"18":2,"19":5,"20":1,"21":0,"22":2,"23":2,"24":2,"25":2,"26":2},"f":{"0":2,"1":9,"2":2,"3":9,"4":2},"b":{"0":[1,8],"1":[2,6],"2":[5,1],"3":[1,2,5,1,0]},"inputSourceMap":null,"_coverageSchema":"1a1c01bbd47fc00a2c39e90264f33305004495a9","hash":"8c12e6f5742a908d599edcdf84fcc3f63525ad92"}
,"/home/e_mikailov/frontend-project-46/src/parsers.js": {"path":"/home/e_mikailov/frontend-project-46/src/parsers.js","statementMap":{"0":{"start":{"line":4,"column":23},"end":{"line":7,"column":1}},"1":{"start":{"line":5,"column":23},"end":{"line":5,"column":60}},"2":{"start":{"line":6,"column":2},"end":{"line":6,"column":45}},"3":{"start":{"line":9,"column":18},"end":{"line":19,"column":1}},"4":{"start":{"line":10,"column":18},"end":{"line":10,"column":42}},"5":{"start":{"line":11,"column":20},"end":{"line":11,"column":56}},"6":{"start":{"line":13,"column":2},"end":{"line":18,"column":3}},"7":{"start":{"line":15,"column":4},"end":{"line":15,"column":31}},"8":{"start":{"line":17,"column":4},"end":{"line":17,"column":61}}},"fnMap":{"0":{"name":"(anonymous_0)","decl":{"start":{"line":4,"column":23},"end":{"line":4,"column":24}},"loc":{"start":{"line":4,"column":37},"end":{"line":7,"column":1}},"line":4},"1":{"name":"(anonymous_1)","decl":{"start":{"line":9,"column":18},"end":{"line":9,"column":19}},"loc":{"start":{"line":9,"column":32},"end":{"line":19,"column":1}},"line":9}},"branchMap":{"0":{"loc":{"start":{"line":13,"column":2},"end":{"line":18,"column":3}},"type":"switch","locations":[{"start":{"line":14,"column":2},"end":{"line":15,"column":31}},{"start":{"line":16,"column":2},"end":{"line":17,"column":61}}],"line":13}},"s":{"0":1,"1":4,"2":4,"3":1,"4":4,"5":4,"6":4,"7":4,"8":0},"f":{"0":4,"1":4},"b":{"0":[4,0]},"inputSourceMap":null,"_coverageSchema":"1a1c01bbd47fc00a2c39e90264f33305004495a9","hash":"b64ebe80763e567888253198651530bffeee5bc4"}
}
