{"/home/e_mikailov/frontend-project-46/src/index.js": {"path":"/home/e_mikailov/frontend-project-46/src/index.js","statementMap":{"0":{"start":{"line":4,"column":18},"end":{"line":54,"column":1}},"1":{"start":{"line":5,"column":16},"end":{"line":5,"column":34}},"2":{"start":{"line":6,"column":16},"end":{"line":6,"column":34}},"3":{"start":{"line":7,"column":18},"end":{"line":7,"column":49}},"4":{"start":{"line":9,"column":2},"end":{"line":53,"column":5}},"5":{"start":{"line":10,"column":19},"end":{"line":10,"column":29}},"6":{"start":{"line":11,"column":19},"end":{"line":11,"column":29}},"7":{"start":{"line":13,"column":4},"end":{"line":20,"column":5}},"8":{"start":{"line":14,"column":6},"end":{"line":19,"column":8}},"9":{"start":{"line":22,"column":4},"end":{"line":29,"column":5}},"10":{"start":{"line":23,"column":6},"end":{"line":28,"column":8}},"11":{"start":{"line":31,"column":4},"end":{"line":37,"column":5}},"12":{"start":{"line":32,"column":6},"end":{"line":36,"column":8}},"13":{"start":{"line":39,"column":4},"end":{"line":45,"column":5}},"14":{"start":{"line":40,"column":6},"end":{"line":44,"column":8}},"15":{"start":{"line":47,"column":4},"end":{"line":52,"column":6}},"16":{"start":{"line":56,"column":22},"end":{"line":82,"column":1}},"17":{"start":{"line":57,"column":21},"end":{"line":57,"column":22}},"18":{"start":{"line":58,"column":24},"end":{"line":58,"column":58}},"19":{"start":{"line":59,"column":24},"end":{"line":59,"column":60}},"20":{"start":{"line":61,"column":16},"end":{"line":79,"column":4}},"21":{"start":{"line":62,"column":4},"end":{"line":78,"column":5}},"22":{"start":{"line":64,"column":6},"end":{"line":64,"column":84}},"23":{"start":{"line":66,"column":6},"end":{"line":66,"column":84}},"24":{"start":{"line":68,"column":6},"end":{"line":68,"column":84}},"25":{"start":{"line":70,"column":6},"end":{"line":73,"column":19}},"26":{"start":{"line":75,"column":6},"end":{"line":75,"column":89}},"27":{"start":{"line":77,"column":6},"end":{"line":77,"column":16}},"28":{"start":{"line":81,"column":2},"end":{"line":81,"column":53}},"29":{"start":{"line":84,"column":20},"end":{"line":106,"column":1}},"30":{"start":{"line":85,"column":2},"end":{"line":95,"column":3}},"31":{"start":{"line":86,"column":23},"end":{"line":86,"column":24}},"32":{"start":{"line":87,"column":26},"end":{"line":87,"column":56}},"33":{"start":{"line":88,"column":26},"end":{"line":88,"column":62}},"34":{"start":{"line":90,"column":18},"end":{"line":92,"column":6}},"35":{"start":{"line":91,"column":6},"end":{"line":91,"column":70}},"36":{"start":{"line":94,"column":4},"end":{"line":94,"column":55}},"37":{"start":{"line":97,"column":2},"end":{"line":99,"column":3}},"38":{"start":{"line":98,"column":4},"end":{"line":98,"column":18}},"39":{"start":{"line":101,"column":2},"end":{"line":103,"column":3}},"40":{"start":{"line":102,"column":4},"end":{"line":102,"column":14}},"41":{"start":{"line":105,"column":2},"end":{"line":105,"column":15}},"42":{"start":{"line":108,"column":19},"end":{"line":115,"column":1}},"43":{"start":{"line":109,"column":2},"end":{"line":114,"column":3}},"44":{"start":{"line":111,"column":4},"end":{"line":111,"column":31}},"45":{"start":{"line":113,"column":4},"end":{"line":113,"column":31}},"46":{"start":{"line":118,"column":16},"end":{"line":118,"column":36}},"47":{"start":{"line":119,"column":16},"end":{"line":119,"column":36}},"48":{"start":{"line":120,"column":15},"end":{"line":120,"column":38}},"49":{"start":{"line":121,"column":2},"end":{"line":121,"column":34}}},"fnMap":{"0":{"name":"(anonymous_0)","decl":{"start":{"line":4,"column":18},"end":{"line":4,"column":19}},"loc":{"start":{"line":4,"column":36},"end":{"line":54,"column":1}},"line":4},"1":{"name":"(anonymous_1)","decl":{"start":{"line":9,"column":21},"end":{"line":9,"column":22}},"loc":{"start":{"line":9,"column":30},"end":{"line":53,"column":3}},"line":9},"2":{"name":"(anonymous_2)","decl":{"start":{"line":56,"column":22},"end":{"line":56,"column":23}},"loc":{"start":{"line":56,"column":43},"end":{"line":82,"column":1}},"line":56},"3":{"name":"(anonymous_3)","decl":{"start":{"line":61,"column":25},"end":{"line":61,"column":26}},"loc":{"start":{"line":61,"column":35},"end":{"line":79,"column":3}},"line":61},"4":{"name":"(anonymous_4)","decl":{"start":{"line":84,"column":20},"end":{"line":84,"column":21}},"loc":{"start":{"line":84,"column":38},"end":{"line":106,"column":1}},"line":84},"5":{"name":"(anonymous_5)","decl":{"start":{"line":90,"column":44},"end":{"line":90,"column":45}},"loc":{"start":{"line":90,"column":60},"end":{"line":92,"column":5}},"line":90},"6":{"name":"(anonymous_6)","decl":{"start":{"line":108,"column":19},"end":{"line":108,"column":20}},"loc":{"start":{"line":108,"column":49},"end":{"line":115,"column":1}},"line":108},"7":{"name":"genDiff","decl":{"start":{"line":117,"column":24},"end":{"line":117,"column":31}},"loc":{"start":{"line":117,"column":74},"end":{"line":122,"column":1}},"line":117}},"branchMap":{"0":{"loc":{"start":{"line":13,"column":4},"end":{"line":20,"column":5}},"type":"if","locations":[{"start":{"line":13,"column":4},"end":{"line":20,"column":5}},{"start":{},"end":{}}],"line":13},"1":{"loc":{"start":{"line":18,"column":18},"end":{"line":18,"column":93}},"type":"cond-expr","locations":[{"start":{"line":18,"column":61},"end":{"line":18,"column":86}},{"start":{"line":18,"column":89},"end":{"line":18,"column":93}}],"line":18},"2":{"loc":{"start":{"line":18,"column":18},"end":{"line":18,"column":58}},"type":"binary-expr","locations":[{"start":{"line":18,"column":18},"end":{"line":18,"column":36}},{"start":{"line":18,"column":40},"end":{"line":18,"column":58}}],"line":18},"3":{"loc":{"start":{"line":22,"column":4},"end":{"line":29,"column":5}},"type":"if","locations":[{"start":{"line":22,"column":4},"end":{"line":29,"column":5}},{"start":{},"end":{}}],"line":22},"4":{"loc":{"start":{"line":27,"column":18},"end":{"line":27,"column":93}},"type":"cond-expr","locations":[{"start":{"line":27,"column":61},"end":{"line":27,"column":86}},{"start":{"line":27,"column":89},"end":{"line":27,"column":93}}],"line":27},"5":{"loc":{"start":{"line":27,"column":18},"end":{"line":27,"column":58}},"type":"binary-expr","locations":[{"start":{"line":27,"column":18},"end":{"line":27,"column":36}},{"start":{"line":27,"column":40},"end":{"line":27,"column":58}}],"line":27},"6":{"loc":{"start":{"line":31,"column":4},"end":{"line":37,"column":5}},"type":"if","locations":[{"start":{"line":31,"column":4},"end":{"line":37,"column":5}},{"start":{},"end":{}}],"line":31},"7":{"loc":{"start":{"line":31,"column":8},"end":{"line":31,"column":92}},"type":"binary-expr","locations":[{"start":{"line":31,"column":8},"end":{"line":31,"column":26}},{"start":{"line":31,"column":30},"end":{"line":31,"column":48}},{"start":{"line":31,"column":52},"end":{"line":31,"column":70}},{"start":{"line":31,"column":74},"end":{"line":31,"column":92}}],"line":31},"8":{"loc":{"start":{"line":39,"column":4},"end":{"line":45,"column":5}},"type":"if","locations":[{"start":{"line":39,"column":4},"end":{"line":45,"column":5}},{"start":{},"end":{}}],"line":39},"9":{"loc":{"start":{"line":56,"column":29},"end":{"line":56,"column":38}},"type":"default-arg","locations":[{"start":{"line":56,"column":37},"end":{"line":56,"column":38}}],"line":56},"10":{"loc":{"start":{"line":62,"column":4},"end":{"line":78,"column":5}},"type":"switch","locations":[{"start":{"line":63,"column":4},"end":{"line":64,"column":84}},{"start":{"line":65,"column":4},"end":{"line":66,"column":84}},{"start":{"line":67,"column":4},"end":{"line":68,"column":84}},{"start":{"line":69,"column":4},"end":{"line":73,"column":19}},{"start":{"line":74,"column":4},"end":{"line":75,"column":89}},{"start":{"line":76,"column":4},"end":{"line":77,"column":16}}],"line":62},"11":{"loc":{"start":{"line":85,"column":2},"end":{"line":95,"column":3}},"type":"if","locations":[{"start":{"line":85,"column":2},"end":{"line":95,"column":3}},{"start":{},"end":{}}],"line":85},"12":{"loc":{"start":{"line":85,"column":6},"end":{"line":85,"column":44}},"type":"binary-expr","locations":[{"start":{"line":85,"column":6},"end":{"line":85,"column":23}},{"start":{"line":85,"column":27},"end":{"line":85,"column":44}}],"line":85},"13":{"loc":{"start":{"line":97,"column":2},"end":{"line":99,"column":3}},"type":"if","locations":[{"start":{"line":97,"column":2},"end":{"line":99,"column":3}},{"start":{},"end":{}}],"line":97},"14":{"loc":{"start":{"line":101,"column":2},"end":{"line":103,"column":3}},"type":"if","locations":[{"start":{"line":101,"column":2},"end":{"line":103,"column":3}},{"start":{},"end":{}}],"line":101},"15":{"loc":{"start":{"line":108,"column":26},"end":{"line":108,"column":44}},"type":"default-arg","locations":[{"start":{"line":108,"column":35},"end":{"line":108,"column":44}}],"line":108},"16":{"loc":{"start":{"line":109,"column":2},"end":{"line":114,"column":3}},"type":"switch","locations":[{"start":{"line":110,"column":2},"end":{"line":111,"column":31}},{"start":{"line":112,"column":2},"end":{"line":113,"column":31}}],"line":109},"17":{"loc":{"start":{"line":117,"column":54},"end":{"line":117,"column":72}},"type":"default-arg","locations":[{"start":{"line":117,"column":63},"end":{"line":117,"column":72}}],"line":117}},"s":{"0":3,"1":37,"2":37,"3":37,"4":37,"5":97,"6":97,"7":97,"8":18,"9":79,"10":12,"11":67,"12":21,"13":46,"14":31,"15":15,"16":3,"17":19,"18":19,"19":19,"20":19,"21":73,"22":18,"23":12,"24":16,"25":15,"26":12,"27":0,"28":19,"29":3,"30":103,"31":21,"32":21,"33":21,"34":21,"35":27,"36":21,"37":82,"38":3,"39":79,"40":3,"41":76,"42":3,"43":7,"44":7,"45":0,"46":7,"47":7,"48":7,"49":7},"f":{"0":37,"1":97,"2":19,"3":73,"4":103,"5":27,"6":7,"7":7},"b":{"0":[18,79],"1":[6,12],"2":[18,6],"3":[12,67],"4":[3,9],"5":[12,3],"6":[21,46],"7":[67,24,21,21],"8":[31,15],"9":[7],"10":[18,12,16,15,12,0],"11":[21,82],"12":[103,21],"13":[3,79],"14":[3,76],"15":[0],"16":[7,0],"17":[7]},"inputSourceMap":null,"_coverageSchema":"1a1c01bbd47fc00a2c39e90264f33305004495a9","hash":"3e906681106527202c7d219bc3f0d09e152086c2"}
,"/home/e_mikailov/frontend-project-46/src/parsers.js": {"path":"/home/e_mikailov/frontend-project-46/src/parsers.js","statementMap":{"0":{"start":{"line":5,"column":23},"end":{"line":8,"column":1}},"1":{"start":{"line":6,"column":23},"end":{"line":6,"column":60}},"2":{"start":{"line":7,"column":2},"end":{"line":7,"column":45}},"3":{"start":{"line":10,"column":18},"end":{"line":23,"column":1}},"4":{"start":{"line":11,"column":18},"end":{"line":11,"column":42}},"5":{"start":{"line":12,"column":20},"end":{"line":12,"column":56}},"6":{"start":{"line":14,"column":2},"end":{"line":22,"column":3}},"7":{"start":{"line":16,"column":4},"end":{"line":16,"column":31}},"8":{"start":{"line":19,"column":4},"end":{"line":19,"column":30}},"9":{"start":{"line":21,"column":4},"end":{"line":21,"column":61}}},"fnMap":{"0":{"name":"(anonymous_0)","decl":{"start":{"line":5,"column":23},"end":{"line":5,"column":24}},"loc":{"start":{"line":5,"column":37},"end":{"line":8,"column":1}},"line":5},"1":{"name":"(anonymous_1)","decl":{"start":{"line":10,"column":18},"end":{"line":10,"column":19}},"loc":{"start":{"line":10,"column":32},"end":{"line":23,"column":1}},"line":10}},"branchMap":{"0":{"loc":{"start":{"line":14,"column":2},"end":{"line":22,"column":3}},"type":"switch","locations":[{"start":{"line":15,"column":2},"end":{"line":16,"column":31}},{"start":{"line":17,"column":2},"end":{"line":17,"column":14}},{"start":{"line":18,"column":2},"end":{"line":19,"column":30}},{"start":{"line":20,"column":2},"end":{"line":21,"column":61}}],"line":14}},"s":{"0":3,"1":14,"2":14,"3":3,"4":14,"5":14,"6":14,"7":8,"8":6,"9":0},"f":{"0":14,"1":14},"b":{"0":[8,6,6,0]},"inputSourceMap":null,"_coverageSchema":"1a1c01bbd47fc00a2c39e90264f33305004495a9","hash":"f8952faf501e93a47bbffd6fc9710b175c92d0f0"}
}
