TN:
SF:src/index.js
FN:4,(anonymous_0)
FN:9,(anonymous_1)
FN:34,(anonymous_2)
FN:35,(anonymous_3)
FN:56,genDiff
FNF:5
FNH:5
FNDA:2,(anonymous_0)
FNDA:9,(anonymous_1)
FNDA:2,(anonymous_2)
FNDA:9,(anonymous_3)
FNDA:2,genDiff
DA:4,1
DA:5,2
DA:6,2
DA:7,2
DA:9,2
DA:10,9
DA:11,9
DA:13,9
DA:14,1
DA:17,8
DA:18,2
DA:21,6
DA:22,5
DA:25,1
DA:34,1
DA:35,2
DA:36,9
DA:38,1
DA:40,2
DA:42,5
DA:44,1
DA:49,0
DA:53,2
DA:57,2
DA:58,2
DA:59,2
DA:60,2
LF:27
LH:26
BRDA:13,0,0,1
BRDA:13,0,1,8
BRDA:17,1,0,2
BRDA:17,1,1,6
BRDA:21,2,0,5
BRDA:21,2,1,1
BRDA:36,3,0,1
BRDA:36,3,1,2
BRDA:36,3,2,5
BRDA:36,3,3,1
BRDA:36,3,4,0
BRF:11
BRH:10
end_of_record
TN:
SF:src/parsers.js
FN:4,(anonymous_0)
FN:9,(anonymous_1)
FNF:2
FNH:2
FNDA:4,(anonymous_0)
FNDA:4,(anonymous_1)
DA:4,1
DA:5,4
DA:6,4
DA:9,1
DA:10,4
DA:11,4
DA:13,4
DA:15,4
DA:17,0
LF:9
LH:8
BRDA:13,0,0,4
BRDA:13,0,1,0
BRF:2
BRH:1
end_of_record
