TN:
SF:src/index.js
FN:5,(anonymous_0)
FN:10,(anonymous_1)
FN:57,genDiff
FNF:3
FNH:3
FNDA:83,(anonymous_0)
FNDA:211,(anonymous_1)
FNDA:13,genDiff
DA:5,5
DA:6,83
DA:7,83
DA:8,83
DA:10,83
DA:11,211
DA:12,211
DA:14,211
DA:15,40
DA:23,171
DA:24,24
DA:32,147
DA:33,49
DA:40,98
DA:41,65
DA:48,33
DA:58,13
DA:59,13
DA:60,13
DA:61,13
DA:62,13
LF:21
LH:21
BRDA:14,0,0,40
BRDA:14,0,1,171
BRDA:19,1,0,14
BRDA:19,1,1,26
BRDA:19,2,0,40
BRDA:19,2,1,14
BRDA:23,3,0,24
BRDA:23,3,1,147
BRDA:28,4,0,7
BRDA:28,4,1,17
BRDA:28,5,0,24
BRDA:28,5,1,7
BRDA:32,6,0,49
BRDA:32,6,1,98
BRDA:32,7,0,147
BRDA:32,7,1,56
BRDA:32,7,2,49
BRDA:32,7,3,49
BRDA:40,8,0,65
BRDA:40,8,1,33
BRDA:57,9,0,7
BRF:21
BRH:21
end_of_record
TN:
SF:src/parsers.js
FN:5,(anonymous_0)
FN:10,(anonymous_1)
FNF:2
FNH:2
FNDA:26,(anonymous_0)
FNDA:26,(anonymous_1)
DA:5,5
DA:6,26
DA:7,26
DA:10,5
DA:11,26
DA:12,26
DA:14,26
DA:16,16
DA:19,10
DA:21,0
LF:10
LH:9
BRDA:14,0,0,16
BRDA:14,0,1,10
BRDA:14,0,2,10
BRDA:14,0,3,0
BRF:4
BRH:3
end_of_record
TN:
SF:src/formatters/index.js
FN:11,(anonymous_0)
FNF:1
FNH:1
FNDA:13,(anonymous_0)
DA:5,5
DA:12,13
DA:13,13
DA:14,0
DA:16,13
LF:5
LH:4
BRDA:13,0,0,0
BRDA:13,0,1,13
BRF:2
BRH:1
end_of_record
TN:
SF:src/formatters/json.js
FN:1,(anonymous_0)
FNF:1
FNH:1
FNDA:3,(anonymous_0)
DA:1,5
LF:1
LH:1
BRF:0
BRH:0
end_of_record
TN:
SF:src/formatters/plain.js
FN:3,(anonymous_0)
FN:15,(anonymous_1)
FN:16,(anonymous_2)
FN:35,(anonymous_3)
FN:38,(anonymous_4)
FNF:5
FNH:5
FNDA:29,(anonymous_0)
FNDA:11,(anonymous_1)
FNDA:41,(anonymous_2)
FNDA:50,(anonymous_3)
FNDA:3,(anonymous_4)
DA:3,5
DA:4,29
DA:5,6
DA:8,23
DA:9,14
DA:12,9
DA:15,5
DA:16,11
DA:17,41
DA:19,41
DA:21,11
DA:23,6
DA:25,9
DA:27,8
DA:29,7
DA:31,0
DA:35,50
DA:38,5
DA:39,3
DA:40,3
LF:20
LH:19
BRDA:4,0,0,6
BRDA:4,0,1,23
BRDA:4,1,0,29
BRDA:4,1,1,6
BRDA:8,2,0,14
BRDA:8,2,1,9
BRDA:15,3,0,3
BRDA:17,4,0,28
BRDA:17,4,1,13
BRDA:19,5,0,11
BRDA:19,5,1,6
BRDA:19,5,2,9
BRDA:19,5,3,8
BRDA:19,5,4,7
BRDA:19,5,5,0
BRF:15
BRH:14
end_of_record
TN:
SF:src/formatters/stylish.js
FN:3,(anonymous_0)
FN:9,(anonymous_1)
FN:27,(anonymous_2)
FN:32,(anonymous_3)
FNF:4
FNH:4
FNDA:103,(anonymous_0)
FNDA:27,(anonymous_1)
FNDA:19,(anonymous_2)
FNDA:73,(anonymous_3)
DA:3,5
DA:4,103
DA:5,21
DA:6,21
DA:7,21
DA:9,21
DA:10,27
DA:13,21
DA:16,82
DA:17,3
DA:20,79
DA:21,3
DA:24,76
DA:27,5
DA:28,19
DA:29,19
DA:30,19
DA:32,19
DA:33,73
DA:35,18
DA:37,12
DA:39,16
DA:41,15
DA:46,12
DA:48,0
DA:52,19
LF:26
LH:25
BRDA:4,0,0,21
BRDA:4,0,1,82
BRDA:4,1,0,103
BRDA:4,1,1,21
BRDA:16,2,0,3
BRDA:16,2,1,79
BRDA:20,3,0,3
BRDA:20,3,1,76
BRDA:27,4,0,7
BRDA:33,5,0,18
BRDA:33,5,1,12
BRDA:33,5,2,16
BRDA:33,5,3,15
BRDA:33,5,4,12
BRDA:33,5,5,0
BRF:15
BRH:14
end_of_record
